<?xml version="1.0" encoding="UTF-8"?>
<testng-results ignored="0" total="1" passed="1" failed="0" skipped="0">
  <reporter-output>
  </reporter-output>
  <suite started-at="2024-01-29T12:30:53 IST" name="Default suite" finished-at="2024-01-29T12:31:14 IST" duration-ms="20884">
    <groups>
    </groups>
    <test started-at="2024-01-29T12:30:53 IST" name="Default test" finished-at="2024-01-29T12:31:14 IST" duration-ms="20884">
      <class name="driverFactory.AppTest">
        <test-method signature="KickStart()[pri:0, instance:driverFactory.AppTest@4b8ee4de]" started-at="2024-01-29T12:30:53 IST" name="KickStart" finished-at="2024-01-29T12:31:14 IST" duration-ms="20823" status="PASS">
          <reporter-output>
          </reporter-output>
        </test-method> <!-- KickStart -->
      </class> <!-- driverFactory.AppTest -->
    </test> <!-- Default test -->
  </suite> <!-- Default suite -->
</testng-results>
