-------------------------------------------------------------------------------
Test set: driverFactory.AppTest
-------------------------------------------------------------------------------
Tests run: 1, Failures: 1, Errors: 0, Skipped: 0, Time elapsed: 3.193 s <<< FAILURE! - in driverFactory.AppTest
KickStart(driverFactory.AppTest)  Time elapsed: 2.204 s  <<< FAILURE!
java.lang.NullPointerException: Cannot invoke "org.apache.poi.ss.usermodel.Sheet.getLastRowNum()" because the return value of "org.apache.poi.ss.usermodel.Workbook.getSheet(String)" is null
	at driverFactory.AppTest.KickStart(AppTest.java:13)

