<?xml version="1.0" encoding="UTF-8"?>
<!-- Generated by org.testng.reporters.JUnitXMLReporter -->
<testsuite ignored="0" hostname="DESKTOP-D8034K5" failures="1" tests="1" name="Surefire test" time="2.309" errors="0" timestamp="2024-01-29T14:41:57 IST">
  <testcase classname="driverFactory.AppTest" name="KickStart" time="2.198">
    <failure type="java.lang.NullPointerException" message="Cannot invoke &amp;quot;org.apache.poi.ss.usermodel.Sheet.getLastRowNum()&amp;quot; because the return value of &amp;quot;org.apache.poi.ss.usermodel.Workbook.getSheet(String)&amp;quot; is null">
      <![CDATA[java.lang.NullPointerException: Cannot invoke "org.apache.poi.ss.usermodel.Sheet.getLastRowNum()" because the return value of "org.apache.poi.ss.usermodel.Workbook.getSheet(String)" is null
at utilities.ExcelFileUtil.rowcount(ExcelFileUtil.java:27)
at driverFactory.DriverScript.startTest(DriverScript.java:36)
at driverFactory.AppTest.KickStart(AppTest.java:13)
at java.base/java.util.ArrayList.forEach(ArrayList.java:1511)
... Removed 32 stack frames]]>
    </failure>
  </testcase> <!-- KickStart -->
</testsuite> <!-- Surefire test -->
